#
# A fatal error has been detected by the Java Runtime Environment:
#
#  SIGSEGV (0xb) at pc=0x0000000109d04508, pid=71775, tid=775
#
# JRE version: Java(TM) SE Runtime Environment (15.0.1+9) (build 15.0.1+9-18)
# Java VM: Java HotSpot(TM) 64-Bit Server VM (15.0.1+9-18, mixed mode, sharing, tiered, compressed oops, g1 gc, bsd-amd64)
# Problematic frame:
# V  [libjvm.dylib+0x504508]  jni_IsSameObject+0x38
#
# No core dump will be written. Core dumps have been disabled. To enable core dumping, try "ulimit -c unlimited" before starting Java again
#
# If you would like to submit a bug report, please visit:
#   https://bugreport.java.com/bugreport/crash.jsp
#

---------------  S U M M A R Y ------------

Command Line: --module-path=lib/mac-javafx-sdk-11.0.2/lib --add-modules=javafx.controls app

Host: MacBookPro15,2 x86_64 2300 MHz, 8 cores, 8G, Darwin 20.2.0
Time: Fri Jan 29 22:43:02 2021 PST elapsed time: 194.683258 seconds (0d 0h 3m 14s)

---------------  T H R E A D  ---------------

Current thread is native thread

Stack: [0x00007ffee9e72000,0x00007ffeea672000],  sp=0x00007ffeea66dbc0,  free space=8174k
Native frames: (J=compiled Java code, A=aot compiled Java code, j=interpreted, Vv=VM code, C=native code)
V  [libjvm.dylib+0x504508]  jni_IsSameObject+0x38
C  [JavaNativeFoundation+0x9612]  -[JNFWeakJObjectWrapper _getWithEnv:]+0x31
C  [JavaNativeFoundation+0x9426]  -[JNFJObjectWrapper jObjectWithEnv:]+0x16
C  [libawt_lwawt.dylib+0x1de31]  -[CGLLayer drawInCGLContext:pixelFormat:forLayerTime:displayTime:]+0xa1
C  [QuartzCore+0xc4d17]  _ZL17CAOpenGLLayerDrawP13CAOpenGLLayerdPK11CVTimeStampj+0x7e7
C  [QuartzCore+0xc4369]  -[CAOpenGLLayer _display]+0x244
C  [QuartzCore+0x24660]  _ZN2CA5Layer17display_if_neededEPNS_11TransactionE+0x36a
C  [QuartzCore+0x16473b]  _ZN2CA7Context18commit_transactionEPNS_11TransactionEdPd+0x205
C  [QuartzCore+0x5fd5]  _ZN2CA11Transaction6commitEv+0x30f
C  [QuartzCore+0x3dd9e]  _ZN2CA11Transaction17observer_callbackEP19__CFRunLoopObservermPv+0x6e
C  [CoreFoundation+0x80dad]  __CFRUNLOOP_IS_CALLING_OUT_TO_AN_OBSERVER_CALLBACK_FUNCTION__+0x17
C  [CoreFoundation+0x80c3d]  __CFRunLoopDoObservers+0x225
C  [CoreFoundation+0x80221]  __CFRunLoopRun+0x47a
C  [CoreFoundation+0x7f6ce]  CFRunLoopRunSpecific+0x233
C  [libjli.dylib+0x6e32]  CreateExecutionEnvironment+0x192
C  [libjli.dylib+0x2674]  JLI_Launch+0x614
C  [java+0xc16]  main+0x196
C  [libdyld.dylib+0x15621]  start+0x1


siginfo: si_signo: 11 (SIGSEGV), si_code: 1 (SEGV_MAPERR), si_addr: 0x0000000000000398

Registers:
RAX=0x000000000000dead, RBX=0x00007fd73d9a9128, RCX=0x000000010e758e00, RDX=0x0000000000000000
RSP=0x00007ffeea66dbc0, RBP=0x00007ffeea66dbe0, RSI=0x00007fd743e9d7c9, RDI=0x00007fd73d9a8e00
R8 =0x0000000000000000, R9 =0x00000000000003e2, R10=0x00007fff8d09dd10, R11=0x00007fff6f6a0592
R12=0x0000000000000000, R13=0x00007fd743de48d0, R14=0x0000000000000000, R15=0x00007fd743e9d7c9
RIP=0x0000000109d04508, EFLAGS=0x0000000000010246, ERR=0x0000000000000006
  TRAPNO=0x000000000000000e

Top of Stack: (sp=0x00007ffeea66dbc0)
0x00007ffeea66dbc0:   00007fd73d9a9128 00007fd73d236000
0x00007ffeea66dbd0:   00007fd743eb3100 00007fd743e9d7c9
0x00007ffeea66dbe0:   00007ffeea66dc10 00007fff6f6a0612
0x00007ffeea66dbf0:   00007fd743eb3100 00007fd73d9a9128
0x00007ffeea66dc00:   00007fff201d0d00 00007fd743e86b40
0x00007ffeea66dc10:   00007ffeea66dc30 00007fff6f6a0426
0x00007ffeea66dc20:   00007fd743eb3100 00007fd73d9a9128
0x00007ffeea66dc30:   00007ffeea66dc90 00000001329a7e31
0x00007ffeea66dc40:   00007fd743de6720 00007fff7c579b2e
0x00007ffeea66dc50:   00007fd743de48d0 0000000000000000
0x00007ffeea66dc60:   40f7b98d94f9d9dd 00007fff201d0d00
0x00007ffeea66dc70:   00007fd743de6720 00007fd743de48d0
0x00007ffeea66dc80:   00007fd743de48d0 00007fd743b062e0
0x00007ffeea66dc90:   00007ffeea66dd50 00007fff26c85d17
0x00007ffeea66dca0:   00007fd7443dfaa0 0000000000000000
0x00007ffeea66dcb0:   00007fd743de48d0 0000000000000000
0x00007ffeea66dcc0:   0000000443de48d0 0000000000000000
0x00007ffeea66dcd0:   40f7b98d94f9d9dd 0000000000000000
0x00007ffeea66dce0:   0000000000000000 00007fd73f883ed0
0x00007ffeea66dcf0:   0000000000000004 0000000000000000
0x00007ffeea66dd00:   0000000000000000 00007ffeea66dd28
0x00007ffeea66dd10:   00007ffe00000000 00007fff26c0630b
0x00007ffeea66dd20:   1269e00ba31c00d8 00007fff201d0d00
0x00007ffeea66dd30:   0000000000000004 0000000000000000
0x00007ffeea66dd40:   00007fd743de48d0 00007fff7c579b2e
0x00007ffeea66dd50:   00007ffeea66ddd0 00007fff26c85369
0x00007ffeea66dd60:   00007fd73f800000 408f100000000000
0x00007ffeea66dd70:   40a32a0000000000 3ff0000000000000
0x00007ffeea66dd80:   0000000000000000 0000000000000000
0x00007ffeea66dd90:   40a32a0000000000 408f100000000000
0x00007ffeea66dda0:   1269e00ba31c00d8 00007ffeea66deb0
0x00007ffeea66ddb0:   00007fd73d9eac00 00007fd742a05d40 

Instructions: (pc=0x0000000109d04508)
0x0000000109d04408:   03 00 00 06 00 00 00 4d 85 f6 74 0b 31 f6 4c 89
0x0000000109d04418:   f7 ff 15 d1 33 6b 00 49 8b 9f f8 00 00 00 48 8b
0x0000000109d04428:   43 10 48 83 38 00 74 0c 48 89 df e8 78 83 f4 ff
0x0000000109d04438:   48 8b 43 10 48 8b 4b 08 48 89 41 10 48 8b 43 08
0x0000000109d04448:   48 8b 4b 18 48 89 48 18 48 8b 43 08 48 8b 4b 20
0x0000000109d04458:   48 89 48 20 41 c7 87 98 03 00 00 07 00 00 00 f0
0x0000000109d04468:   83 04 24 00 49 8b 87 10 01 00 00 a8 08 74 08 4c
0x0000000109d04478:   89 ff e8 41 67 3b 00 41 c7 87 98 03 00 00 04 00
0x0000000109d04488:   00 00 48 83 c4 08 5b 41 5e 41 5f 5d c3 48 8d 05
0x0000000109d04498:   d4 6c 72 00 83 38 00 0f 84 4e ff ff ff 4c 89 ff
0x0000000109d044a8:   e8 13 5c 49 00 41 c7 87 98 03 00 00 06 00 00 00
0x0000000109d044b8:   4d 85 f6 0f 85 53 ff ff ff e9 59 ff ff ff 66 2e
0x0000000109d044c8:   0f 1f 84 00 00 00 00 00 55 48 89 e5 41 57 41 56
0x0000000109d044d8:   41 54 53 49 89 fc b8 55 21 ff ff 41 03 84 24 88
0x0000000109d044e8:   00 00 00 49 89 d6 49 89 f7 49 81 c4 d8 fc ff ff
0x0000000109d044f8:   83 f8 02 72 0b 4c 89 e7 e8 bb 39 49 00 45 31 e4
0x0000000109d04508:   41 c7 84 24 98 03 00 00 05 00 00 00 f0 83 04 24
0x0000000109d04518:   00 49 8b 04 24 4c 89 e7 ff 50 40 84 c0 74 37 49
0x0000000109d04528:   8b 84 24 10 01 00 00 a8 08 75 37 41 f7 84 24 e0
0x0000000109d04538:   00 00 00 04 00 00 20 75 29 41 c7 84 24 98 03 00
0x0000000109d04548:   00 06 00 00 00 4d 85 ff 75 31 45 31 ff 4d 85 f6
0x0000000109d04558:   75 40 31 c0 eb 6f 48 8d 05 0b 6c 72 00 83 38 00
0x0000000109d04568:   74 c9 4c 89 e7 e8 4e 5b 49 00 41 c7 84 24 98 03
0x0000000109d04578:   00 00 06 00 00 00 4d 85 ff 74 cf 41 f6 c7 01 75
0x0000000109d04588:   22 4c 89 ff ff 15 06 f3 6a 00 49 89 c7 4d 85 f6
0x0000000109d04598:   74 c0 41 f6 c6 01 75 21 4c 89 f7 ff 15 ef f2 6a
0x0000000109d045a8:   00 eb 22 49 ff cf 4c 89 ff ff 15 f9 34 6c 00 49
0x0000000109d045b8:   89 c7 4d 85 f6 75 db eb 99 49 ff ce 4c 89 f7 ff
0x0000000109d045c8:   15 e3 34 6c 00 45 31 f6 49 39 c7 41 0f 94 c7 49
0x0000000109d045d8:   8b 9c 24 f8 00 00 00 48 8b 43 10 48 83 38 00 74
0x0000000109d045e8:   0c 48 89 df e8 bf 81 f4 ff 48 8b 43 10 48 8b 4b
0x0000000109d045f8:   08 48 89 41 10 48 8b 43 08 48 8b 4b 18 48 89 48 



---------------  P R O C E S S  ---------------

VM state: not at safepoint (normal execution)

VM Mutex/Monitor currently owned by a thread: None

Heap address: 0x0000000780000000, size: 2048 MB, Compressed Oops mode: Zero based, Oop shift amount: 3
CDS archive(s) mapped at: [0x0000000800000000-0x0000000800b2c000-0x0000000800b2c000), size 11714560, SharedBaseAddress: 0x0000000800000000, ArchiveRelocationMode: 0.
Compressed class space mapped at: 0x0000000800b2c000-0x0000000840b2c000, size: 1073741824
Narrow klass base: 0x0000000800000000, Narrow klass shift: 3, Narrow klass range: 0x100000000

GC Precious Log:
 CPUs: 8 total, 8 available
 Memory: 8192M
 Large Page Support: Disabled
 NUMA Support: Disabled
 Compressed Oops: Enabled (Zero based)
 Heap Region Size: 1M
 Heap Min Capacity: 8M
 Heap Initial Capacity: 128M
 Heap Max Capacity: 2G
 Pre-touch: Disabled
 Parallel Workers: 8
 Concurrent Workers: 2
 Concurrent Refinement Workers: 8
 Periodic GC: Disabled

Heap:
 garbage-first heap   total 48128K, used 20800K [0x0000000780000000, 0x0000000800000000)
  region size 1024K, 12 young (12288K), 4 survivors (4096K)
 Metaspace       used 30568K, capacity 30940K, committed 31232K, reserved 1077248K
  class space    used 4185K, capacity 4326K, committed 4352K, reserved 1048576K

Heap Regions: E=young(eden), S=young(survivor), O=old, HS=humongous(starts), HC=humongous(continues), CS=collection set, F=free, OA=open archive, CA=closed archive, TAMS=top-at-mark-start (previous, next)
|   0|0x0000000780000000, 0x0000000780100000, 0x0000000780100000|100%| O|  |TAMS 0x0000000780100000, 0x0000000780000000| Untracked 
|   1|0x0000000780100000, 0x0000000780200000, 0x0000000780200000|100%| O|  |TAMS 0x0000000780102a00, 0x0000000780100000| Untracked 
|   2|0x0000000780200000, 0x0000000780300000, 0x0000000780300000|100%|HS|  |TAMS 0x0000000780300000, 0x0000000780200000| Complete 
|   3|0x0000000780300000, 0x0000000780400000, 0x0000000780400000|100%|HC|  |TAMS 0x0000000780400000, 0x0000000780300000| Complete 
|   4|0x0000000780400000, 0x0000000780500000, 0x0000000780500000|100%| O|  |TAMS 0x0000000780400000, 0x0000000780400000| Untracked 
|   5|0x0000000780500000, 0x0000000780509200, 0x0000000780600000|  3%| O|  |TAMS 0x0000000780500000, 0x0000000780500000| Untracked 
|   6|0x0000000780600000, 0x0000000780700000, 0x0000000780700000|100%| O|  |TAMS 0x0000000780600000, 0x0000000780600000| Untracked 
|   7|0x0000000780700000, 0x0000000780800000, 0x0000000780800000|100%| O|  |TAMS 0x0000000780700000, 0x0000000780700000| Untracked 
|   8|0x0000000780800000, 0x0000000780900000, 0x0000000780900000|100%| O|  |TAMS 0x0000000780800000, 0x0000000780800000| Untracked 
|   9|0x0000000780900000, 0x00000007809a3800, 0x0000000780a00000| 63%| O|  |TAMS 0x0000000780900000, 0x0000000780900000| Untracked 
|  10|0x0000000780a00000, 0x0000000780a00000, 0x0000000780b00000|  0%| F|  |TAMS 0x0000000780a00000, 0x0000000780a00000| Untracked 
|  11|0x0000000780b00000, 0x0000000780b00000, 0x0000000780c00000|  0%| F|  |TAMS 0x0000000780b00000, 0x0000000780b00000| Untracked 
|  12|0x0000000780c00000, 0x0000000780c00000, 0x0000000780d00000|  0%| F|  |TAMS 0x0000000780c00000, 0x0000000780c00000| Untracked 
|  13|0x0000000780d00000, 0x0000000780dd99a0, 0x0000000780e00000| 85%| S|CS|TAMS 0x0000000780d00000, 0x0000000780d00000| Complete 
|  14|0x0000000780e00000, 0x0000000780f00000, 0x0000000780f00000|100%| S|CS|TAMS 0x0000000780e00000, 0x0000000780e00000| Complete 
|  15|0x0000000780f00000, 0x0000000781000000, 0x0000000781000000|100%| S|CS|TAMS 0x0000000780f00000, 0x0000000780f00000| Complete 
|  16|0x0000000781000000, 0x0000000781100000, 0x0000000781100000|100%| S|CS|TAMS 0x0000000781000000, 0x0000000781000000| Complete 
|  17|0x0000000781100000, 0x0000000781100000, 0x0000000781200000|  0%| F|  |TAMS 0x0000000781100000, 0x0000000781100000| Untracked 
|  18|0x0000000781200000, 0x0000000781200000, 0x0000000781300000|  0%| F|  |TAMS 0x0000000781200000, 0x0000000781200000| Untracked 
|  19|0x0000000781300000, 0x0000000781300000, 0x0000000781400000|  0%| F|  |TAMS 0x0000000781300000, 0x0000000781300000| Untracked 
|  20|0x0000000781400000, 0x0000000781400000, 0x0000000781500000|  0%| F|  |TAMS 0x0000000781400000, 0x0000000781400000| Untracked 
|  21|0x0000000781500000, 0x0000000781500000, 0x0000000781600000|  0%| F|  |TAMS 0x0000000781500000, 0x0000000781500000| Untracked 
|  22|0x0000000781600000, 0x0000000781600000, 0x0000000781700000|  0%| F|  |TAMS 0x0000000781600000, 0x0000000781600000| Untracked 
|  23|0x0000000781700000, 0x0000000781700000, 0x0000000781800000|  0%| F|  |TAMS 0x0000000781700000, 0x0000000781700000| Untracked 
|  24|0x0000000781800000, 0x0000000781800000, 0x0000000781900000|  0%| F|  |TAMS 0x0000000781800000, 0x0000000781800000| Untracked 
|  25|0x0000000781900000, 0x0000000781900000, 0x0000000781a00000|  0%| F|  |TAMS 0x0000000781900000, 0x0000000781900000| Untracked 
|  26|0x0000000781a00000, 0x0000000781a00000, 0x0000000781b00000|  0%| F|  |TAMS 0x0000000781a00000, 0x0000000781a00000| Untracked 
|  27|0x0000000781b00000, 0x0000000781b00000, 0x0000000781c00000|  0%| F|  |TAMS 0x0000000781b00000, 0x0000000781b00000| Untracked 
|  28|0x0000000781c00000, 0x0000000781c00000, 0x0000000781d00000|  0%| F|  |TAMS 0x0000000781c00000, 0x0000000781c00000| Untracked 
|  29|0x0000000781d00000, 0x0000000781d00000, 0x0000000781e00000|  0%| F|  |TAMS 0x0000000781d00000, 0x0000000781d00000| Untracked 
|  30|0x0000000781e00000, 0x0000000781e00000, 0x0000000781f00000|  0%| F|  |TAMS 0x0000000781e00000, 0x0000000781e00000| Untracked 
|  31|0x0000000781f00000, 0x0000000781f00000, 0x0000000782000000|  0%| F|  |TAMS 0x0000000781f00000, 0x0000000781f00000| Untracked 
|  32|0x0000000782000000, 0x0000000782000000, 0x0000000782100000|  0%| F|  |TAMS 0x0000000782000000, 0x0000000782000000| Untracked 
|  33|0x0000000782100000, 0x0000000782100000, 0x0000000782200000|  0%| F|  |TAMS 0x0000000782100000, 0x0000000782100000| Untracked 
|  34|0x0000000782200000, 0x0000000782200000, 0x0000000782300000|  0%| F|  |TAMS 0x0000000782200000, 0x0000000782200000| Untracked 
|  35|0x0000000782300000, 0x0000000782300000, 0x0000000782400000|  0%| F|  |TAMS 0x0000000782300000, 0x0000000782300000| Untracked 
|  36|0x0000000782400000, 0x0000000782400000, 0x0000000782500000|  0%| F|  |TAMS 0x0000000782400000, 0x0000000782400000| Untracked 
|  37|0x0000000782500000, 0x00000007825844c8, 0x0000000782600000| 51%| E|  |TAMS 0x0000000782500000, 0x0000000782500000| Complete 
|  38|0x0000000782600000, 0x0000000782700000, 0x0000000782700000|100%| E|CS|TAMS 0x0000000782600000, 0x0000000782600000| Complete 
| 110|0x0000000786e00000, 0x0000000786f00000, 0x0000000786f00000|100%| E|CS|TAMS 0x0000000786e00000, 0x0000000786e00000| Complete 
| 111|0x0000000786f00000, 0x0000000787000000, 0x0000000787000000|100%| E|CS|TAMS 0x0000000786f00000, 0x0000000786f00000| Complete 
| 112|0x0000000787000000, 0x0000000787100000, 0x0000000787100000|100%| E|CS|TAMS 0x0000000787000000, 0x0000000787000000| Complete 
| 113|0x0000000787100000, 0x0000000787200000, 0x0000000787200000|100%| E|CS|TAMS 0x0000000787100000, 0x0000000787100000| Complete 
| 114|0x0000000787200000, 0x0000000787300000, 0x0000000787300000|100%| E|CS|TAMS 0x0000000787200000, 0x0000000787200000| Complete 
| 127|0x0000000787f00000, 0x0000000788000000, 0x0000000788000000|100%| E|CS|TAMS 0x0000000787f00000, 0x0000000787f00000| Complete 
|1022|0x00000007bfe00000, 0x00000007bfe51000, 0x00000007bff00000| 31%|OA|  |TAMS 0x00000007bfe51000, 0x00000007bfe00000| Untracked 
|1023|0x00000007bff00000, 0x00000007bff79000, 0x00000007c0000000| 47%|CA|  |TAMS 0x00000007bff79000, 0x00000007bff00000| Untracked 

Card table byte_map: [0x000000010aca6000,0x000000010b0a6000] _byte_map_base: 0x00000001070a6000

Marking Bits (Prev, Next): (CMBitMap*) 0x00007fd73d83a450, (CMBitMap*) 0x00007fd73d83a410
 Prev Bits: [0x000000012589c000, 0x000000012789c000)
 Next Bits: [0x000000010b4a6000, 0x000000010d4a6000)

Polling page: 0x00000001055d0000

Metaspace:

Usage:
  Non-class:     25.99 MB capacity,    25.77 MB (>99%) used,   183.57 KB ( <1%) free+waste,    46.94 KB ( <1%) overhead. 
      Class:      4.22 MB capacity,     4.09 MB ( 97%) used,   121.30 KB (  3%) free+waste,    19.38 KB ( <1%) overhead. 
       Both:     30.21 MB capacity,    29.85 MB ( 99%) used,   304.88 KB ( <1%) free+waste,    66.31 KB ( <1%) overhead. 

Virtual space:
  Non-class space:       28.00 MB reserved,      26.25 MB ( 94%) committed 
      Class space:        1.00 GB reserved,       4.25 MB ( <1%) committed 
             Both:        1.03 GB reserved,      30.50 MB (  3%) committed 

Chunk freelists:
   Non-Class:  218.00 KB
       Class:  10.00 KB
        Both:  228.00 KB

MaxMetaspaceSize: 17179869184.00 GB
CompressedClassSpaceSize: 1.00 GB

CodeHeap 'non-profiled nmethods': size=120028Kb used=2116Kb max_used=2116Kb free=117911Kb
 bounds [0x000000011e365000, 0x000000011e5d5000, 0x000000012589c000]
CodeHeap 'profiled nmethods': size=120028Kb used=10634Kb max_used=10634Kb free=109394Kb
 bounds [0x0000000116e2e000, 0x000000011789e000, 0x000000011e365000]
CodeHeap 'non-nmethods': size=5704Kb used=1556Kb max_used=1589Kb free=4148Kb
 bounds [0x000000011689c000, 0x0000000116b0c000, 0x0000000116e2e000]
 total_blobs=6563 nmethods=5637 adapters=836
 compilation: enabled
              stopped_count=0, restarted_count=0
 full_count=0

Compilation events (20 events):
Event: 193.160 Thread 0x00007fd73d8bf000 5613   !   4       com.sun.prism.impl.GlyphCache::getCachedGlyph (461 bytes)
Event: 193.188 Thread 0x00007fd73d8bf000 nmethod 5613 0x000000011e570e90 code [0x000000011e5711a0, 0x000000011e572420]
Event: 193.666 Thread 0x00007fd73d8bf000 5614       4       com.sun.prism.impl.GlyphCache::addDataToQuad (305 bytes)
Event: 193.675 Thread 0x00007fd73d8bf000 nmethod 5614 0x000000011e573610 code [0x000000011e5737c0, 0x000000011e573ef8]
Event: 194.159 Thread 0x00007fd73d012200 5615       3       com.sun.prism.impl.ps.BaseShaderGraphics::drawTexture (52 bytes)
Event: 194.160 Thread 0x00007fd73d012200 nmethod 5615 0x0000000117886990 code [0x0000000117886b40, 0x0000000117886f70]
Event: 194.160 Thread 0x00007fd73d012200 5616       3       com.sun.prism.impl.BaseGraphics::drawTexture (249 bytes)
Event: 194.162 Thread 0x00007fd73d012200 nmethod 5616 0x0000000117887090 code [0x00000001178872e0, 0x0000000117887fb0]
Event: 194.658 Thread 0x00007fd73d012200 5617       3       javax.swing.RepaintManager::getDelegate (14 bytes)
Event: 194.659 Thread 0x00007fd73d012200 nmethod 5617 0x0000000117888390 code [0x0000000117888520, 0x00000001178886a0]
Event: 194.659 Thread 0x00007fd73d012200 5618       3       com.sun.java.swing.SwingUtilities3::getDelegateRepaintManager (73 bytes)
Event: 194.660 Thread 0x00007fd73d012200 nmethod 5618 0x0000000117888790 code [0x00000001178889e0, 0x0000000117889790]
Event: 194.676 Thread 0x00007fd73d012200 5619       3       java.awt.geom.AffineTransform::<init> (69 bytes)
Event: 194.677 Thread 0x00007fd73d012200 nmethod 5619 0x0000000117889b90 code [0x0000000117889d20, 0x0000000117889ed0]
Event: 194.678 Thread 0x00007fd73d8bf000 5620       4       jdk.internal.org.objectweb.asm.Type::getArgumentsAndReturnSizes (140 bytes)
Event: 194.680 Thread 0x00007fd73d012200 5621       3       java.awt.Rectangle::reshape (22 bytes)
Event: 194.680 Thread 0x00007fd73d012200 nmethod 5621 0x0000000117889f90 code [0x000000011788a120, 0x000000011788a230]
Event: 194.680 Thread 0x00007fd73d012200 5622       3       java.awt.Rectangle::setBounds (10 bytes)
Event: 194.680 Thread 0x00007fd73d012200 nmethod 5622 0x000000011788a310 code [0x000000011788a4a0, 0x000000011788a610]
Event: 194.680 Thread 0x00007fd73d012200 5623       3       java.awt.Component::getToolkitImpl (18 bytes)

GC Heap History (8 events):
Event: 0.447 GC heap before
{Heap before GC invocations=0 (full 0):
 garbage-first heap   total 133120K, used 24360K [0x0000000780000000, 0x0000000800000000)
  region size 1024K, 23 young (23552K), 0 survivors (0K)
 Metaspace       used 5785K, capacity 8901K, committed 9216K, reserved 1056768K
  class space    used 684K, capacity 982K, committed 1024K, reserved 1048576K
}
Event: 0.449 GC heap after
{Heap after GC invocations=1 (full 0):
 garbage-first heap   total 133120K, used 3710K [0x0000000780000000, 0x0000000800000000)
  region size 1024K, 3 young (3072K), 3 survivors (3072K)
 Metaspace       used 5785K, capacity 8901K, committed 9216K, reserved 1056768K
  class space    used 684K, capacity 982K, committed 1024K, reserved 1048576K
}
Event: 1.432 GC heap before
{Heap before GC invocations=1 (full 0):
 garbage-first heap   total 133120K, used 47742K [0x0000000780000000, 0x0000000800000000)
  region size 1024K, 46 young (47104K), 3 survivors (3072K)
 Metaspace       used 17391K, capacity 18692K, committed 18944K, reserved 1064960K
  class space    used 2783K, capacity 2962K, committed 3072K, reserved 1048576K
}
Event: 1.438 GC heap after
{Heap after GC invocations=2 (full 0):
 garbage-first heap   total 133120K, used 7986K [0x0000000780000000, 0x0000000800000000)
  region size 1024K, 6 young (6144K), 6 survivors (6144K)
 Metaspace       used 17391K, capacity 18692K, committed 18944K, reserved 1064960K
  class space    used 2783K, capacity 2962K, committed 3072K, reserved 1048576K
}
Event: 13.419 GC heap before
{Heap before GC invocations=2 (full 0):
 garbage-first heap   total 133120K, used 22322K [0x0000000780000000, 0x0000000800000000)
  region size 1024K, 19 young (19456K), 6 survivors (6144K)
 Metaspace       used 20113K, capacity 21022K, committed 21248K, reserved 1067008K
  class space    used 3067K, capacity 3204K, committed 3328K, reserved 1048576K
}
Event: 13.424 GC heap after
{Heap after GC invocations=3 (full 0):
 garbage-first heap   total 133120K, used 10973K [0x0000000780000000, 0x0000000800000000)
  region size 1024K, 5 young (5120K), 5 survivors (5120K)
 Metaspace       used 20113K, capacity 21022K, committed 21248K, reserved 1067008K
  class space    used 3067K, capacity 3204K, committed 3328K, reserved 1048576K
}
Event: 85.914 GC heap before
{Heap before GC invocations=4 (full 0):
 garbage-first heap   total 48128K, used 34525K [0x0000000780000000, 0x0000000800000000)
  region size 1024K, 28 young (28672K), 5 survivors (5120K)
 Metaspace       used 29818K, capacity 30169K, committed 30464K, reserved 1075200K
  class space    used 4118K, capacity 4261K, committed 4352K, reserved 1048576K
}
Event: 85.921 GC heap after
{Heap after GC invocations=5 (full 0):
 garbage-first heap   total 48128K, used 13632K [0x0000000780000000, 0x0000000800000000)
  region size 1024K, 4 young (4096K), 4 survivors (4096K)
 Metaspace       used 29818K, capacity 30169K, committed 30464K, reserved 1075200K
  class space    used 4118K, capacity 4261K, committed 4352K, reserved 1048576K
}

Deoptimization events (20 events):
Event: 194.671 Thread 0x00007fd73e01a000 Uncommon trap: trap_request=0xffffff45 fr.pc=0x000000011e3cc2c0 relative=0x00000000000016a0
Event: 194.671 Thread 0x00007fd73e01a000 Uncommon trap: reason=unstable_if action=reinterpret pc=0x000000011e3cc2c0 method=java.util.Arrays.equals([Ljava/lang/Object;[Ljava/lang/Object;)Z @ 44 c2
Event: 194.671 Thread 0x00007fd73e01a000 DEOPT PACKING pc=0x000000011e3cc2c0 sp=0x0000700001f95ca0
Event: 194.671 Thread 0x00007fd73e01a000 DEOPT UNPACKING pc=0x00000001168ea125 sp=0x0000700001f95a60 mode 2
Event: 194.672 Thread 0x00007fd73e01a000 Uncommon trap: trap_request=0xffffff45 fr.pc=0x000000011e3de0e4 relative=0x0000000000000b64
Event: 194.672 Thread 0x00007fd73e01a000 Uncommon trap: reason=unstable_if action=reinterpret pc=0x000000011e3de0e4 method=java.util.concurrent.ConcurrentHashMap.get(Ljava/lang/Object;)Ljava/lang/Object; @ 152 c2
Event: 194.672 Thread 0x00007fd73e01a000 DEOPT PACKING pc=0x000000011e3de0e4 sp=0x0000700001f95d10
Event: 194.672 Thread 0x00007fd73e01a000 DEOPT UNPACKING pc=0x00000001168ea125 sp=0x0000700001f95c50 mode 2
Event: 194.672 Thread 0x00007fd73e01a000 Uncommon trap: trap_request=0xffffff45 fr.pc=0x000000011e410ddc relative=0x00000000000002bc
Event: 194.672 Thread 0x00007fd73e01a000 Uncommon trap: reason=unstable_if action=reinterpret pc=0x000000011e410ddc method=java.util.concurrent.ConcurrentHashMap.get(Ljava/lang/Object;)Ljava/lang/Object; @ 152 c2
Event: 194.672 Thread 0x00007fd73e01a000 DEOPT PACKING pc=0x000000011e410ddc sp=0x0000700001f95c30
Event: 194.672 Thread 0x00007fd73e01a000 DEOPT UNPACKING pc=0x00000001168ea125 sp=0x0000700001f95bc8 mode 2
Event: 194.672 Thread 0x00007fd73e01a000 Uncommon trap: trap_request=0xffffff5c fr.pc=0x000000011e561560 relative=0x0000000000001160
Event: 194.672 Thread 0x00007fd73e01a000 Uncommon trap: reason=speculate_null_check action=make_not_entrant pc=0x000000011e561560 method=java.util.concurrent.locks.AbstractQueuedSynchronizer.acquire(Ljava/util/concurrent/locks/AbstractQueuedSynchronizer$Node;IZZZJ)I @ 254 c2
Event: 194.672 Thread 0x00007fd73e01a000 DEOPT PACKING pc=0x000000011e561560 sp=0x0000700001f96700
Event: 194.672 Thread 0x00007fd73e01a000 DEOPT UNPACKING pc=0x00000001168ea125 sp=0x0000700001f966e0 mode 2
Event: 194.680 Thread 0x00007fd740845600 Uncommon trap: trap_request=0xffffff45 fr.pc=0x000000011e5415b8 relative=0x0000000000000e58
Event: 194.680 Thread 0x00007fd740845600 Uncommon trap: reason=unstable_if action=reinterpret pc=0x000000011e5415b8 method=java.security.AccessControlContext.optimize()Ljava/security/AccessControlContext; @ 49 c2
Event: 194.680 Thread 0x00007fd740845600 DEOPT PACKING pc=0x000000011e5415b8 sp=0x0000700000d5d8d0
Event: 194.680 Thread 0x00007fd740845600 DEOPT UNPACKING pc=0x00000001168ea125 sp=0x0000700000d5d890 mode 2

Classes unloaded (0 events):
No events

Classes redefined (0 events):
No events

Internal exceptions (20 events):
Event: 9.589 Thread 0x00007fd73d9a8e00 Exception <a 'java/lang/NoSuchMethodError'{0x00000007878f3908}: 'java.lang.Object java.lang.invoke.DirectMethodHandle$Holder.newInvokeSpecial(java.lang.Object, java.lang.Object, java.lang.Object, int, int, int, int, int)'> (0x00000007878f3908) 
thrown [./open/src/hotspot/share/interpreter/linkResolver.cpp, line 782]
Event: 9.589 Thread 0x00007fd73d9a8e00 Exception <a 'java/lang/NoSuchMethodError'{0x00000007878fb468}: 'java.lang.Object java.lang.invoke.Invokers$Holder.linkToTargetMethod(java.lang.Object, java.lang.Object, int, int, int, int, int, java.lang.Object)'> (0x00000007878fb468) 
thrown [./open/src/hotspot/share/interpreter/linkResolver.cpp, line 782]
Event: 72.557 Thread 0x00007fd73d9a8e00 Exception <a 'java/lang/ClassNotFoundException'{0x000000078151fec8}: sun/awt/resources/spi/awtProvider> (0x000000078151fec8) 
thrown [./open/src/hotspot/share/classfile/systemDictionary.cpp, line 295]
Event: 72.569 Thread 0x00007fd73d9a8e00 Exception <a 'java/io/FileNotFoundException'{0x00000007815234c0}> (0x00000007815234c0) 
thrown [./open/src/hotspot/share/prims/jni.cpp, line 578]
Event: 72.569 Thread 0x00007fd73d9a8e00 Exception <a 'java/io/FileNotFoundException'{0x0000000781524998}> (0x0000000781524998) 
thrown [./open/src/hotspot/share/prims/jni.cpp, line 578]
Event: 72.646 Thread 0x00007fd73d9a8e00 Exception <a 'java/lang/ClassNotFoundException'{0x000000078158ec08}: sun/awt/resources/spi/awtosxProvider> (0x000000078158ec08) 
thrown [./open/src/hotspot/share/classfile/systemDictionary.cpp, line 295]
Event: 73.390 Thread 0x00007fd74015f600 Exception <a 'java/lang/NoSuchMethodError'{0x0000000781379598}: 'java.lang.Object java.lang.invoke.DirectMethodHandle$Holder.invokeStatic(java.lang.Object, int, java.lang.Object, java.lang.Object, java.lang.Object, java.lang.Object)'> (0x0000000781379598) 
thrown [./open/src/hotspot/share/interpreter/linkResolver.cpp, line 782]
Event: 73.391 Thread 0x00007fd74015f600 Exception <a 'java/lang/NoSuchMethodError'{0x00000007813815e0}: 'java.lang.Object java.lang.invoke.DirectMethodHandle$Holder.newInvokeSpecial(java.lang.Object, int, java.lang.Object, java.lang.Object, java.lang.Object)'> (0x00000007813815e0) 
thrown [./open/src/hotspot/share/interpreter/linkResolver.cpp, line 782]
Event: 73.391 Thread 0x00007fd74015f600 Exception <a 'java/lang/NoSuchMethodError'{0x0000000781385938}: 'java.lang.Object java.lang.invoke.DirectMethodHandle$Holder.invokeSpecial(java.lang.Object, java.lang.Object, int, java.lang.Object, java.lang.Object, java.lang.Object)'> (0x0000000781385938) 
thrown [./open/src/hotspot/share/interpreter/linkResolver.cpp, line 782]
Event: 73.394 Thread 0x00007fd74015f600 Exception <a 'java/lang/ClassNotFoundException'{0x00000007813cce40}: com/apple/laf/resources/spi/aquaProvider> (0x00000007813cce40) 
thrown [./open/src/hotspot/share/classfile/systemDictionary.cpp, line 295]
Event: 73.411 Thread 0x00007fd74015f600 Exception <a 'java/lang/ClassNotFoundException'{0x000000078123cc00}: com/sun/swing/internal/plaf/basic/resources/spi/basicProvider> (0x000000078123cc00) 
thrown [./open/src/hotspot/share/classfile/systemDictionary.cpp, line 295]
Event: 73.496 Thread 0x00007fd74015f600 Exception <a 'java/lang/NoSuchMethodError'{0x00000007812a90f8}: 'void java.lang.invoke.DirectMethodHandle$Holder.invokeStatic(java.lang.Object, int, long)'> (0x00000007812a90f8) 
thrown [./open/src/hotspot/share/interpreter/linkResolver.cpp, line 782]
Event: 73.498 Thread 0x00007fd74015f600 Exception <a 'java/lang/NoSuchMethodError'{0x00000007812c2038}: 'java.lang.Object java.lang.invoke.Invokers$Holder.linkToTargetMethod(int, int, int, int, java.lang.Object)'> (0x00000007812c2038) 
thrown [./open/src/hotspot/share/interpreter/linkResolver.cpp, line 782]
Event: 73.498 Thread 0x00007fd74015f600 Exception <a 'java/lang/NoSuchMethodError'{0x00000007812c5da8}: 'void java.lang.invoke.DirectMethodHandle$Holder.invokeStatic(java.lang.Object, java.lang.Object, long)'> (0x00000007812c5da8) 
thrown [./open/src/hotspot/share/interpreter/linkResolver.cpp, line 782]
Event: 73.525 Thread 0x00007fd74015f600 Exception <a 'java/lang/NoSuchMethodError'{0x00000007812e35a8}: 'void java.lang.invoke.DirectMethodHandle$Holder.invokeSpecial(java.lang.Object, java.lang.Object, long)'> (0x00000007812e35a8) 
thrown [./open/src/hotspot/share/interpreter/linkResolver.cpp, line 782]
Event: 73.525 Thread 0x00007fd74015f600 Exception <a 'java/lang/NoSuchMethodError'{0x00000007812e9768}: 'void java.lang.invoke.DirectMethodHandle$Holder.invokeStatic(java.lang.Object, long, long)'> (0x00000007812e9768) 
thrown [./open/src/hotspot/share/interpreter/linkResolver.cpp, line 782]
Event: 73.525 Thread 0x00007fd74015f600 Exception <a 'java/lang/NoSuchMethodError'{0x00000007812ef510}: 'java.lang.Object java.lang.invoke.DirectMethodHandle$Holder.newInvokeSpecial(java.lang.Object, long)'> (0x00000007812ef510) 
thrown [./open/src/hotspot/share/interpreter/linkResolver.cpp, line 782]
Event: 73.531 Thread 0x00007fd73d9a8e00 Exception <a 'java/lang/NoSuchMethodError'{0x00000007814b2898}: 'void java.lang.invoke.DirectMethodHandle$Holder.invokeStatic(java.lang.Object, long)'> (0x00000007814b2898) 
thrown [./open/src/hotspot/share/interpreter/linkResolver.cpp, line 782]
Event: 191.639 Thread 0x00007fd73d9a8e00 Exception <a 'java/lang/NoSuchMethodError'{0x0000000786efa5a8}: 'int java.lang.invoke.DirectMethodHandle$Holder.invokeStatic(java.lang.Object, long)'> (0x0000000786efa5a8) 
thrown [./open/src/hotspot/share/interpreter/linkResolver.cpp, line 782]
Event: 194.680 Thread 0x00007fd740845600 Implicit null exception at 0x000000011e5407a9 to 0x000000011e5415a4

Events (20 events):
Event: 191.640 loading class java/util/stream/SpinedBuffer$OfLong done
Event: 191.640 loading class java/util/stream/Nodes$LongSpinedNodeBuilder done
Event: 191.640 loading class java/util/stream/LongPipeline$8$1
Event: 191.640 loading class java/util/stream/Sink$ChainedLong
Event: 191.640 loading class java/util/stream/Sink$ChainedLong done
Event: 191.640 loading class java/util/stream/LongPipeline$8$1 done
Event: 192.643 Executing VM operation: HandshakeAllThreads
Event: 192.643 Executing VM operation: HandshakeAllThreads done
Event: 194.676 Protecting memory [0x0000700002b41000,0x0000700002b45000] with protection modes 3
Event: 194.676 Thread 0x00007fd73d9cba00 Thread exited: 0x00007fd73d9cba00
Event: 194.679 Protecting memory [0x0000700001f9a000,0x0000700001f9e000] with protection modes 3
Event: 194.679 Thread 0x00007fd7400dcc00 Thread exited: 0x00007fd7400dcc00
Event: 194.679 Protecting memory [0x0000700000c5e000,0x0000700000c62000] with protection modes 3
Event: 194.679 Protecting memory [0x0000700001e97000,0x0000700001e9b000] with protection modes 3
Event: 194.679 Thread 0x00007fd73d81ba00 Thread exited: 0x00007fd73d81ba00
Event: 194.679 Thread 0x00007fd73e01a000 Thread exited: 0x00007fd73e01a000
Event: 194.679 Protecting memory [0x00007ffee9e72000,0x00007ffee9e76000] with protection modes 3
Event: 194.679 Thread 0x00007fd73d9a8e00 Thread exited: 0x00007fd73d9a8e00
Event: 194.679 Protecting memory [0x0000700000c5e000,0x0000700000c62000] with protection modes 0
Event: 194.680 Thread 0x00007fd740845600 Thread added: 0x00007fd740845600


Dynamic libraries:
0x00007fff2a468000 	/usr/lib/libz.1.dylib
0x000000010559a000 	/Library/Java/JavaVirtualMachines/jdk-15.0.1.jdk/Contents/Home/lib/libjli.dylib
0x00007fff34fa6000 	/System/Library/Frameworks/Cocoa.framework/Versions/A/Cocoa
0x00007fff221e3000 	/System/Library/Frameworks/Security.framework/Versions/A/Security
0x00007fff331a5000 	/System/Library/Frameworks/ApplicationServices.framework/Versions/A/ApplicationServices
0x00007fff2a530000 	/usr/lib/libSystem.B.dylib
0x00007fff2a52a000 	/usr/lib/system/libcache.dylib
0x00007fff2a4e6000 	/usr/lib/system/libcommonCrypto.dylib
0x00007fff2a510000 	/usr/lib/system/libcompiler_rt.dylib
0x00007fff2a505000 	/usr/lib/system/libcopyfile.dylib
0x00007fff200ba000 	/usr/lib/system/libcorecrypto.dylib
0x00007fff20186000 	/usr/lib/system/libdispatch.dylib
0x00007fff2033a000 	/usr/lib/system/libdyld.dylib
0x00007fff2a521000 	/usr/lib/system/libkeymgr.dylib
0x00007fff2d963000 	/usr/lib/system/liblaunch.dylib
0x00007fff2a4c4000 	/usr/lib/system/libmacho.dylib
0x00007fff29cdf000 	/usr/lib/system/libquarantine.dylib
0x00007fff2a51e000 	/usr/lib/system/libremovefile.dylib
0x00007fff24b78000 	/usr/lib/system/libsystem_asl.dylib
0x00007fff2006a000 	/usr/lib/system/libsystem_blocks.dylib
0x00007fff20207000 	/usr/lib/system/libsystem_c.dylib
0x00007fff2a518000 	/usr/lib/system/libsystem_collections.dylib
0x00007fff28fd4000 	/usr/lib/system/libsystem_configuration.dylib
0x00007fff282c8000 	/usr/lib/system/libsystem_containermanager.dylib
0x00007fff2a260000 	/usr/lib/system/libsystem_coreservices.dylib
0x00007fff22797000 	/usr/lib/system/libsystem_darwin.dylib
0x00007fff2a522000 	/usr/lib/system/libsystem_dnssd.dylib
0x00007fff20204000 	/usr/lib/system/libsystem_featureflags.dylib
0x00007fff2037f000 	/usr/lib/system/libsystem_info.dylib
0x00007fff2a47b000 	/usr/lib/system/libsystem_m.dylib
0x00007fff20159000 	/usr/lib/system/libsystem_malloc.dylib
0x00007fff24b0c000 	/usr/lib/system/libsystem_networkextension.dylib
0x00007fff22bb1000 	/usr/lib/system/libsystem_notify.dylib
0x00007fff2fe10000 	/usr/lib/system/libsystem_product_info_filter.dylib
0x00007fff28fd8000 	/usr/lib/system/libsystem_sandbox.dylib
0x00007fff2a51b000 	/usr/lib/system/libsystem_secinit.dylib
0x00007fff202ff000 	/usr/lib/system/libsystem_kernel.dylib
0x00007fff20375000 	/usr/lib/system/libsystem_platform.dylib
0x00007fff2032e000 	/usr/lib/system/libsystem_pthread.dylib
0x00007fff26276000 	/usr/lib/system/libsystem_symptoms.dylib
0x00007fff200a2000 	/usr/lib/system/libsystem_trace.dylib
0x00007fff2a4f2000 	/usr/lib/system/libunwind.dylib
0x00007fff2006c000 	/usr/lib/system/libxpc.dylib
0x00007fff202e6000 	/usr/lib/libc++abi.dylib
0x00007fff201cb000 	/usr/lib/libobjc.A.dylib
0x00007fff2a4fd000 	/usr/lib/liboah.dylib
0x00007fff20290000 	/usr/lib/libc++.1.dylib
0x00007fff203ab000 	/System/Library/Frameworks/CoreFoundation.framework/Versions/A/CoreFoundation
0x00007fff21158000 	/System/Library/Frameworks/Foundation.framework/Versions/C/Foundation
0x00007fff22c09000 	/System/Library/Frameworks/AppKit.framework/Versions/C/AppKit
0x00007fff25a9f000 	/System/Library/Frameworks/CoreData.framework/Versions/A/CoreData
0x00007fff2396c000 	/System/Library/PrivateFrameworks/UIFoundation.framework/Versions/A/UIFoundation
0x00007fff2fb89000 	/System/Library/PrivateFrameworks/RemoteViewServices.framework/Versions/A/RemoteViewServices
0x00007fff28992000 	/System/Library/PrivateFrameworks/XCTTargetBootstrap.framework/Versions/A/XCTTargetBootstrap
0x00007fff2b66f000 	/usr/lib/libspindump.dylib
0x00007fff23bc0000 	/System/Library/Frameworks/UniformTypeIdentifiers.framework/Versions/A/UniformTypeIdentifiers
0x00007fff27169000 	/usr/lib/libapp_launch_measurement.dylib
0x00007fff2716c000 	/System/Library/PrivateFrameworks/CoreAutoLayout.framework/Versions/A/CoreAutoLayout
0x00007fff282f4000 	/System/Library/Frameworks/Metal.framework/Versions/A/Metal
0x00007fff28fe3000 	/usr/lib/liblangid.dylib
0x00007fff28996000 	/System/Library/PrivateFrameworks/CoreSVG.framework/Versions/A/CoreSVG
0x00007fff24ba7000 	/System/Library/PrivateFrameworks/SkyLight.framework/Versions/A/SkyLight
0x00007fff24f0d000 	/System/Library/Frameworks/CoreGraphics.framework/Versions/A/CoreGraphics
0x00007fff301e0000 	/System/Library/Frameworks/Accelerate.framework/Versions/A/Accelerate
0x00007fff2b0aa000 	/System/Library/PrivateFrameworks/IconServices.framework/Versions/A/IconServices
0x00007fff282d9000 	/System/Library/Frameworks/IOSurface.framework/Versions/A/IOSurface
0x00007fff26428000 	/usr/lib/libDiagnosticMessagesClient.dylib
0x00007fff2897e000 	/System/Library/PrivateFrameworks/DFRFoundation.framework/Versions/A/DFRFoundation
0x00007fff22535000 	/usr/lib/libicucore.A.dylib
0x00007fff2cbb1000 	/System/Library/Frameworks/AudioToolbox.framework/Versions/A/AudioToolbox
0x00007fff2be57000 	/System/Library/PrivateFrameworks/DataDetectorsCore.framework/Versions/A/DataDetectorsCore
0x00007fff2867e000 	/System/Library/Frameworks/Carbon.framework/Versions/A/Frameworks/HIToolbox.framework/Versions/A/HIToolbox
0x00007fff26bc1000 	/System/Library/Frameworks/QuartzCore.framework/Versions/A/QuartzCore
0x00007fff2fbc5000 	/System/Library/Frameworks/Carbon.framework/Versions/A/Frameworks/SpeechRecognition.framework/Versions/A/SpeechRecognition
0x00007fff26ed1000 	/System/Library/PrivateFrameworks/CoreUI.framework/Versions/A/CoreUI
0x00007fff21b3f000 	/System/Library/Frameworks/CoreAudio.framework/Versions/A/CoreAudio
0x00007fff26513000 	/System/Library/Frameworks/DiskArbitration.framework/Versions/A/DiskArbitration
0x00007fff2ba6a000 	/System/Library/PrivateFrameworks/MultitouchSupport.framework/Versions/A/MultitouchSupport
0x00007fff2be4e000 	/System/Library/PrivateFrameworks/InternationalSupport.framework/Versions/A/InternationalSupport
0x00007fff24b1b000 	/usr/lib/libenergytrace.dylib
0x00007fff22b03000 	/System/Library/Frameworks/IOKit.framework/Versions/A/IOKit
0x00007fff2ff12000 	/System/Library/Frameworks/CoreServices.framework/Versions/A/CoreServices
0x00007fff270ff000 	/System/Library/PrivateFrameworks/PerformanceAnalysis.framework/Versions/A/PerformanceAnalysis
0x00007fff6c80f000 	/System/Library/Frameworks/OpenGL.framework/Versions/A/OpenGL
0x00007fff2bed3000 	/System/Library/PrivateFrameworks/UserActivity.framework/Versions/A/UserActivity
0x00007fff255a1000 	/System/Library/Frameworks/ColorSync.framework/Versions/A/ColorSync
0x00007fff28bfa000 	/System/Library/Frameworks/CoreImage.framework/Versions/A/CoreImage
0x00007fff21956000 	/System/Library/Frameworks/CoreText.framework/Versions/A/CoreText
0x00007fff289c0000 	/System/Library/Frameworks/ImageIO.framework/Versions/A/ImageIO
0x00007fff2a536000 	/System/Library/PrivateFrameworks/SoftLinking.framework/Versions/A/SoftLinking
0x00007fff271b5000 	/usr/lib/libxml2.2.dylib
0x00007fff2a7a8000 	/usr/lib/libcompression.dylib
0x00007fff24b1c000 	/usr/lib/libMobileGestalt.dylib
0x00007fff2bd81000 	/System/Library/PrivateFrameworks/TextureIO.framework/Versions/A/TextureIO
0x00007fff2adcd000 	/usr/lib/libate.dylib
0x00007fff2abb3000 	/usr/lib/liblzma.5.dylib
0x00007fff20e6c000 	/System/Library/Frameworks/SystemConfiguration.framework/Versions/A/SystemConfiguration
0x00007fff2a532000 	/usr/lib/libfakelink.dylib
0x00007fff2466e000 	/System/Library/Frameworks/CFNetwork.framework/Versions/A/CFNetwork
0x00007fff2a672000 	/usr/lib/libarchive.2.dylib
0x00007fff20eea000 	/usr/lib/libCRFSuite.dylib
0x00007fff29d06000 	/usr/lib/libbsm.0.dylib
0x00007fff2402a000 	/usr/lib/libnetwork.dylib
0x00007fff2a537000 	/usr/lib/libpcap.A.dylib
0x00007fff2626f000 	/usr/lib/libdns_services.dylib
0x00007fff2abcc000 	/usr/lib/libcoretls_cfhelpers.dylib
0x00007fff2a776000 	/usr/lib/libapple_nghttp2.dylib
0x00007fff2a4ca000 	/usr/lib/system/libkxld.dylib
0x00007fff25ed5000 	/usr/lib/libsqlite3.dylib
0x00007fff2a242000 	/System/Library/PrivateFrameworks/AppleFSCompression.framework/Versions/A/AppleFSCompression
0x00007fff29cee000 	/usr/lib/libcoretls.dylib
0x00007fff2a7a3000 	/usr/lib/libpam.2.dylib
0x00007fff2acc8000 	/usr/lib/libxar.1.dylib
0x00007fff28fdf000 	/System/Library/PrivateFrameworks/AppleSystemInfo.framework/Versions/A/AppleSystemInfo
0x00007fff29931000 	/System/Library/PrivateFrameworks/IOMobileFramebuffer.framework/Versions/A/IOMobileFramebuffer
0x00007fff2a252000 	/usr/lib/libbz2.1.0.dylib
0x00007fff2a56f000 	/usr/lib/libiconv.2.dylib
0x00007fff2a4c3000 	/usr/lib/libcharset.1.dylib
0x00007fff2713b000 	/System/Library/Frameworks/CoreServices.framework/Versions/A/Frameworks/FSEvents.framework/Versions/A/FSEvents
0x00007fff227a1000 	/System/Library/Frameworks/CoreServices.framework/Versions/A/Frameworks/CarbonCore.framework/Versions/A/CarbonCore
0x00007fff26478000 	/System/Library/Frameworks/CoreServices.framework/Versions/A/Frameworks/Metadata.framework/Versions/A/Metadata
0x00007fff2a265000 	/System/Library/Frameworks/CoreServices.framework/Versions/A/Frameworks/OSServices.framework/Versions/A/OSServices
0x00007fff2a6e4000 	/System/Library/Frameworks/CoreServices.framework/Versions/A/Frameworks/SearchKit.framework/Versions/A/SearchKit
0x00007fff261f9000 	/System/Library/Frameworks/CoreServices.framework/Versions/A/Frameworks/AE.framework/Versions/A/AE
0x00007fff20847000 	/System/Library/Frameworks/CoreServices.framework/Versions/A/Frameworks/LaunchServices.framework/Versions/A/LaunchServices
0x00007fff2ab64000 	/System/Library/Frameworks/CoreServices.framework/Versions/A/Frameworks/DictionaryServices.framework/Versions/A/DictionaryServices
0x00007fff27144000 	/System/Library/Frameworks/CoreServices.framework/Versions/A/Frameworks/SharedFileList.framework/Versions/A/SharedFileList
0x00007fff29ce2000 	/usr/lib/libCheckFix.dylib
0x00007fff24b8f000 	/System/Library/PrivateFrameworks/TCC.framework/Versions/A/TCC
0x00007fff28fe5000 	/System/Library/PrivateFrameworks/CoreNLP.framework/Versions/A/CoreNLP
0x00007fff2642b000 	/System/Library/PrivateFrameworks/MetadataUtilities.framework/Versions/A/MetadataUtilities
0x00007fff20f20000 	/usr/lib/libmecabra.dylib
0x00007fff29ff5000 	/System/Library/Frameworks/MLCompute.framework/Versions/A/MLCompute
0x00007fff29d17000 	/usr/lib/libmecab.dylib
0x00007fff29d61000 	/usr/lib/libgermantok.dylib
0x00007fff2a74c000 	/usr/lib/libThaiTokenizer.dylib
0x00007fff2ad03000 	/usr/lib/libChineseTokenizer.dylib
0x00007fff2a7a1000 	/System/Library/Frameworks/MetalPerformanceShaders.framework/Versions/A/MetalPerformanceShaders
0x00007fff2651a000 	/System/Library/Frameworks/Accelerate.framework/Versions/A/Frameworks/vImage.framework/Versions/A/vImage
0x00007fff2feeb000 	/System/Library/Frameworks/Accelerate.framework/Versions/A/Frameworks/vecLib.framework/Versions/A/vecLib
0x00007fff2ad0e000 	/System/Library/Frameworks/Accelerate.framework/Versions/A/Frameworks/vecLib.framework/Versions/A/libvMisc.dylib
0x00007fff2974a000 	/System/Library/Frameworks/Accelerate.framework/Versions/A/Frameworks/vecLib.framework/Versions/A/libvDSP.dylib
0x00007fff20b4b000 	/System/Library/Frameworks/Accelerate.framework/Versions/A/Frameworks/vecLib.framework/Versions/A/libBLAS.dylib
0x00007fff2a7c7000 	/System/Library/Frameworks/Accelerate.framework/Versions/A/Frameworks/vecLib.framework/Versions/A/libLAPACK.dylib
0x00007fff29d67000 	/System/Library/Frameworks/Accelerate.framework/Versions/A/Frameworks/vecLib.framework/Versions/A/libLinearAlgebra.dylib
0x00007fff2a78e000 	/System/Library/Frameworks/Accelerate.framework/Versions/A/Frameworks/vecLib.framework/Versions/A/libSparseBLAS.dylib
0x00007fff2a7c1000 	/System/Library/Frameworks/Accelerate.framework/Versions/A/Frameworks/vecLib.framework/Versions/A/libQuadrature.dylib
0x00007fff2908d000 	/System/Library/Frameworks/Accelerate.framework/Versions/A/Frameworks/vecLib.framework/Versions/A/libBNNS.dylib
0x00007fff20dfd000 	/System/Library/Frameworks/Accelerate.framework/Versions/A/Frameworks/vecLib.framework/Versions/A/libSparse.dylib
0x00007fff28f78000 	/System/Library/Frameworks/MetalPerformanceShaders.framework/Versions/A/Frameworks/MPSCore.framework/Versions/A/MPSCore
0x00007fff2a1b1000 	/System/Library/Frameworks/MetalPerformanceShaders.framework/Versions/A/Frameworks/MPSImage.framework/Versions/A/MPSImage
0x00007fff29d7d000 	/System/Library/Frameworks/MetalPerformanceShaders.framework/Versions/A/Frameworks/MPSNeuralNetwork.framework/Versions/A/MPSNeuralNetwork
0x00007fff2a13c000 	/System/Library/Frameworks/MetalPerformanceShaders.framework/Versions/A/Frameworks/MPSMatrix.framework/Versions/A/MPSMatrix
0x00007fff29fa5000 	/System/Library/Frameworks/MetalPerformanceShaders.framework/Versions/A/Frameworks/MPSRayIntersector.framework/Versions/A/MPSRayIntersector
0x00007fff2a173000 	/System/Library/Frameworks/MetalPerformanceShaders.framework/Versions/A/Frameworks/MPSNDArray.framework/Versions/A/MPSNDArray
0x00007fff20a77000 	/System/Library/PrivateFrameworks/MetalTools.framework/Versions/A/MetalTools
0x00007fff28fdd000 	/System/Library/PrivateFrameworks/AggregateDictionary.framework/Versions/A/AggregateDictionary
0x00007fff26403000 	/System/Library/PrivateFrameworks/CoreAnalytics.framework/Versions/A/CoreAnalytics
0x00007fff2a74e000 	/System/Library/PrivateFrameworks/AppleSauce.framework/Versions/A/AppleSauce
0x00007fff282eb000 	/System/Library/PrivateFrameworks/IOAccelerator.framework/Versions/A/IOAccelerator
0x00007fff6c803000 	/System/Library/Frameworks/OpenGL.framework/Versions/A/Libraries/libCoreFSCache.dylib
0x00007fff214bc000 	/System/Library/PrivateFrameworks/LanguageModeling.framework/Versions/A/LanguageModeling
0x00007fff2991e000 	/System/Library/PrivateFrameworks/CoreEmoji.framework/Versions/A/CoreEmoji
0x00007fff29086000 	/System/Library/PrivateFrameworks/LinguisticData.framework/Versions/A/LinguisticData
0x00007fff20daf000 	/System/Library/PrivateFrameworks/Lexicon.framework/Versions/A/Lexicon
0x00007fff2a660000 	/usr/lib/libcmph.dylib
0x00007fff2711b000 	/System/Library/Frameworks/OpenDirectory.framework/Versions/A/Frameworks/CFOpenDirectory.framework/Versions/A/CFOpenDirectory
0x00007fff2710b000 	/System/Library/Frameworks/OpenDirectory.framework/Versions/A/OpenDirectory
0x00007fff2abce000 	/System/Library/PrivateFrameworks/APFS.framework/Versions/A/APFS
0x00007fff29c43000 	/System/Library/Frameworks/SecurityFoundation.framework/Versions/A/SecurityFoundation
0x00007fff2acd6000 	/usr/lib/libutil.dylib
0x00007fff22ac8000 	/System/Library/PrivateFrameworks/CoreServicesStore.framework/Versions/A/CoreServicesStore
0x00007fff29cda000 	/System/Library/Frameworks/ServiceManagement.framework/Versions/A/ServiceManagement
0x00007fff2acda000 	/usr/lib/libxslt.1.dylib
0x00007fff29cd0000 	/System/Library/PrivateFrameworks/BackgroundTaskManagement.framework/Versions/A/BackgroundTaskManagement
0x00007fff2bccb000 	/System/Library/Frameworks/ImageIO.framework/Versions/A/Resources/libRadiance.dylib
0x00007fff2bcd5000 	/System/Library/Frameworks/ImageIO.framework/Versions/A/Resources/libJPEG.dylib
0x00007fff2bc24000 	/System/Library/Frameworks/ImageIO.framework/Versions/A/Resources/libPng.dylib
0x00007fff2bc4b000 	/System/Library/Frameworks/ImageIO.framework/Versions/A/Resources/libTIFF.dylib
0x00007fff2bd2a000 	/System/Library/Frameworks/ImageIO.framework/Versions/A/Resources/libGIF.dylib
0x00007fff2b987000 	/System/Library/Frameworks/ImageIO.framework/Versions/A/Resources/libJP2.dylib
0x00007fff2b071000 	/usr/lib/libexpat.1.dylib
0x00007fff2b93c000 	/System/Library/PrivateFrameworks/AppleJPEG.framework/Versions/A/AppleJPEG
0x00007fff28521000 	/System/Library/PrivateFrameworks/FontServices.framework/libFontParser.dylib
0x00007fff261ad000 	/System/Library/PrivateFrameworks/RunningBoardServices.framework/Versions/A/RunningBoardServices
0x00007fff2ba66000 	/System/Library/PrivateFrameworks/WatchdogClient.framework/Versions/A/WatchdogClient
0x00007fff215a9000 	/System/Library/Frameworks/CoreDisplay.framework/Versions/A/CoreDisplay
0x00007fff28437000 	/System/Library/Frameworks/CoreMedia.framework/Versions/A/CoreMedia
0x00007fff27298000 	/System/Library/Frameworks/CoreVideo.framework/Versions/A/CoreVideo
0x00007fff2ba9e000 	/System/Library/Frameworks/VideoToolbox.framework/Versions/A/VideoToolbox
0x00007fff2612b000 	/System/Library/PrivateFrameworks/BaseBoard.framework/Versions/A/BaseBoard
0x00007fff2b1b6000 	/System/Library/PrivateFrameworks/PersistentConnection.framework/Versions/A/PersistentConnection
0x00007fff25ebe000 	/System/Library/PrivateFrameworks/ProtocolBuffer.framework/Versions/A/ProtocolBuffer
0x00007fff26112000 	/System/Library/PrivateFrameworks/CommonUtilities.framework/Versions/A/CommonUtilities
0x00007fff2b8d1000 	/System/Library/PrivateFrameworks/Bom.framework/Versions/A/Bom
0x00007fff2bcc4000 	/System/Library/PrivateFrameworks/GPUWrangler.framework/Versions/A/GPUWrangler
0x00007fff2bca9000 	/System/Library/PrivateFrameworks/IOPresentment.framework/Versions/A/IOPresentment
0x00007fff2bccf000 	/System/Library/PrivateFrameworks/DSExternalDisplay.framework/Versions/A/DSExternalDisplay
0x00007fff2bd2f000 	/System/Library/PrivateFrameworks/CMCaptureCore.framework/Versions/A/CMCaptureCore
0x00007fff2b656000 	/System/Library/PrivateFrameworks/AppServerSupport.framework/Versions/A/AppServerSupport
0x00007fff2d702000 	/System/Library/PrivateFrameworks/perfdata.framework/Versions/A/perfdata
0x00007fff29c32000 	/System/Library/PrivateFrameworks/AssertionServices.framework/Versions/A/AssertionServices
0x00007fff216e0000 	/System/Library/PrivateFrameworks/AudioToolboxCore.framework/Versions/A/AudioToolboxCore
0x00007fff2841a000 	/System/Library/PrivateFrameworks/caulk.framework/Versions/A/caulk
0x00007fff3d38f000 	/System/Library/PrivateFrameworks/SystemPolicy.framework/Versions/A/SystemPolicy
0x00007fff2ae66000 	/usr/lib/libIOReport.dylib
0x00007fff2cf24000 	/usr/lib/libSMC.dylib
0x00007fff2bbf1000 	/usr/lib/libAudioToolboxUtility.dylib
0x00007fff3dcf9000 	/usr/lib/libmis.dylib
0x00007fff6c85f000 	/System/Library/Frameworks/OpenGL.framework/Versions/A/Libraries/libGLU.dylib
0x00007fff6c822000 	/System/Library/Frameworks/OpenGL.framework/Versions/A/Libraries/libGFXShared.dylib
0x00007fff6ca31000 	/System/Library/Frameworks/OpenGL.framework/Versions/A/Libraries/libGL.dylib
0x00007fff6c82b000 	/System/Library/Frameworks/OpenGL.framework/Versions/A/Libraries/libGLImage.dylib
0x00007fff6c81f000 	/System/Library/Frameworks/OpenGL.framework/Versions/A/Libraries/libCVMSPluginSupport.dylib
0x00007fff6c80a000 	/System/Library/Frameworks/OpenGL.framework/Versions/A/Libraries/libCoreVMClient.dylib
0x00007fff6de72000 	/System/Library/Frameworks/OpenCL.framework/Versions/A/OpenCL
0x00007fff2b1e0000 	/System/Library/PrivateFrameworks/GraphVisualizer.framework/Versions/A/GraphVisualizer
0x00007fff2b1ef000 	/System/Library/PrivateFrameworks/FaceCore.framework/Versions/A/FaceCore
0x00007fff2b60b000 	/System/Library/PrivateFrameworks/OTSVG.framework/Versions/A/OTSVG
0x00007fff26e8f000 	/System/Library/Frameworks/ApplicationServices.framework/Versions/A/Frameworks/ATS.framework/Versions/A/Resources/libFontRegistry.dylib
0x00007fff2b65d000 	/System/Library/PrivateFrameworks/FontServices.framework/libhvf.dylib
0x00007fff2b01d000 	/System/Library/PrivateFrameworks/AppleVA.framework/Versions/A/AppleVA
0x00007fff2cd6d000 	/System/Library/Frameworks/ApplicationServices.framework/Versions/A/Frameworks/ATS.framework/Versions/A/ATS
0x00007fff2d07f000 	/System/Library/Frameworks/ApplicationServices.framework/Versions/A/Frameworks/ColorSyncLegacy.framework/Versions/A/ColorSyncLegacy
0x00007fff25698000 	/System/Library/Frameworks/ApplicationServices.framework/Versions/A/Frameworks/HIServices.framework/Versions/A/HIServices
0x00007fff2d064000 	/System/Library/Frameworks/ApplicationServices.framework/Versions/A/Frameworks/LangAnalysis.framework/Versions/A/LangAnalysis
0x00007fff2bd39000 	/System/Library/Frameworks/ApplicationServices.framework/Versions/A/Frameworks/PrintCore.framework/Versions/A/PrintCore
0x00007fff2d087000 	/System/Library/Frameworks/ApplicationServices.framework/Versions/A/Frameworks/QD.framework/Versions/A/QD
0x00007fff2cd5d000 	/System/Library/Frameworks/ApplicationServices.framework/Versions/A/Frameworks/SpeechSynthesis.framework/Versions/A/SpeechSynthesis
0x00007fff2bcfa000 	/System/Library/Frameworks/ApplicationServices.framework/Versions/A/Frameworks/ATSUI.framework/Versions/A/ATSUI
0x00007fff2d004000 	/usr/lib/libcups.2.dylib
0x00007fff2d074000 	/System/Library/PrivateFrameworks/NetAuth.framework/Versions/A/NetAuth
0x00007fff2d71e000 	/System/Library/Frameworks/Kerberos.framework/Versions/A/Kerberos
0x00007fff2d72e000 	/System/Library/Frameworks/GSS.framework/Versions/A/GSS
0x00007fff2cdd9000 	/usr/lib/libresolv.9.dylib
0x00007fff2b672000 	/System/Library/PrivateFrameworks/Heimdal.framework/Versions/A/Heimdal
0x00007fff334a5000 	/System/Library/Frameworks/Kerberos.framework/Versions/A/Libraries/libHeimdalProxy.dylib
0x00007fff2627e000 	/System/Library/Frameworks/Network.framework/Versions/A/Network
0x00007fff2b08b000 	/usr/lib/libheimdal-asn1.dylib
0x00007fff2d77e000 	/System/Library/PrivateFrameworks/CommonAuth.framework/Versions/A/CommonAuth
0x00007fff272e5000 	/System/Library/PrivateFrameworks/login.framework/Versions/A/Frameworks/loginsupport.framework/Versions/A/loginsupport
0x00007fff2cce2000 	/System/Library/PrivateFrameworks/AudioSession.framework/Versions/A/AudioSession
0x00007fff2cd4a000 	/usr/lib/libAudioStatistics.dylib
0x00007fff2b118000 	/System/Library/PrivateFrameworks/MediaExperience.framework/Versions/A/MediaExperience
0x00007fff2cb7f000 	/System/Library/PrivateFrameworks/AudioSession.framework/libSessionUtility.dylib
0x00007fff2d70f000 	/usr/lib/libperfcheck.dylib
0x00007fff2d093000 	/System/Library/PrivateFrameworks/AudioResourceArbitration.framework/Versions/A/AudioResourceArbitration
0x00007fff2b095000 	/System/Library/PrivateFrameworks/IconFoundation.framework/Versions/A/IconFoundation
0x00007fff2fbb5000 	/System/Library/PrivateFrameworks/SpeechRecognitionCore.framework/Versions/A/SpeechRecognitionCore
0x0000000109800000 	/Library/Java/JavaVirtualMachines/jdk-15.0.1.jdk/Contents/Home/lib/server/libjvm.dylib
0x00000001055c4000 	/Library/Java/JavaVirtualMachines/jdk-15.0.1.jdk/Contents/Home/lib/libjimage.dylib
0x000000010561a000 	/Library/Java/JavaVirtualMachines/jdk-15.0.1.jdk/Contents/Home/lib/libjava.dylib
0x00000001057d2000 	/Library/Java/JavaVirtualMachines/jdk-15.0.1.jdk/Contents/Home/lib/libnio.dylib
0x00000001057e6000 	/Library/Java/JavaVirtualMachines/jdk-15.0.1.jdk/Contents/Home/lib/libnet.dylib
0x000000010dca8000 	/Library/Java/JavaVirtualMachines/jdk-15.0.1.jdk/Contents/Home/lib/libzip.dylib
0x000000010dcb6000 	/Users/schuylerng/GitHub/cmpiler-parser/lib/mac-javafx-sdk-11.0.2/lib/libprism_es2.dylib
0x00007fff22a89000 	/System/Library/PrivateFrameworks/CoreServicesInternal.framework/Versions/A/CoreServicesInternal
0x00007fff6ca3c000 	/System/Library/Frameworks/OpenGL.framework/Versions/A/Resources/GLEngine.bundle/GLEngine
0x00007fff6c89c000 	/System/Library/Frameworks/OpenGL.framework/Versions/A/Libraries/libGLProgrammability.dylib
0x00007fff5fbcc000 	/System/Library/Extensions/AppleIntelKBLGraphicsGLDriver.bundle/Contents/MacOS/AppleIntelKBLGraphicsGLDriver
0x00007fff46c05000 	/System/Library/PrivateFrameworks/GPUSupport.framework/Versions/A/Libraries/libGPUSupportMercury.dylib
0x00007fff6cbb8000 	/System/Library/Frameworks/OpenGL.framework/Versions/A/Resources/GLRendererFloat.bundle/GLRendererFloat
0x000000010e16b000 	/Users/schuylerng/GitHub/cmpiler-parser/lib/mac-javafx-sdk-11.0.2/lib/libglass.dylib
0x00007fff3109b000 	/System/Library/Frameworks/FileProvider.framework/Versions/A/FileProvider
0x00007fff26095000 	/System/Library/Frameworks/Accounts.framework/Versions/A/Accounts
0x00007fff311bc000 	/System/Library/PrivateFrameworks/GenerationalStorage.framework/Versions/A/GenerationalStorage
0x00007fff31b7b000 	/System/Library/PrivateFrameworks/CoreSymbolication.framework/Versions/A/CoreSymbolication
0x00007fff30aba000 	/System/Library/PrivateFrameworks/SymptomDiagnosticReporter.framework/Versions/A/SymptomDiagnosticReporter
0x00007fff2e3c7000 	/System/Library/PrivateFrameworks/AppContainer.framework/Versions/A/AppContainer
0x00007fff23bd3000 	/System/Library/PrivateFrameworks/DesktopServicesPriv.framework/Versions/A/DesktopServicesPriv
0x00007fff22bbd000 	/usr/lib/libsandbox.1.dylib
0x00007fff27311000 	/System/Library/PrivateFrameworks/UserManagement.framework/Versions/A/UserManagement
0x00007fff29c0f000 	/System/Library/PrivateFrameworks/MobileKeyBag.framework/Versions/A/MobileKeyBag
0x00007fff3450e000 	/System/Library/PrivateFrameworks/ChunkingLibrary.framework/Versions/A/ChunkingLibrary
0x00007fff31b3e000 	/System/Library/PrivateFrameworks/DebugSymbols.framework/Versions/A/DebugSymbols
0x00007fff2e3dc000 	/System/Library/PrivateFrameworks/SecCodeWrapper.framework/Versions/A/SecCodeWrapper
0x00007fff2ae6e000 	/System/Library/PrivateFrameworks/CrashReporterSupport.framework/Versions/A/CrashReporterSupport
0x00007fff48271000 	/System/Library/PrivateFrameworks/OSAnalytics.framework/Versions/A/OSAnalytics
0x00007fff7838a000 	/usr/lib/libRosetta.dylib
0x00007fff32ef1000 	/System/Library/PrivateFrameworks/RemoteServiceDiscovery.framework/Versions/A/RemoteServiceDiscovery
0x00007fff5222f000 	/System/Library/PrivateFrameworks/Symbolication.framework/Versions/A/Symbolication
0x00007fff32f01000 	/System/Library/PrivateFrameworks/RemoteXPC.framework/Versions/A/RemoteXPC
0x00007fff393fe000 	/System/Library/PrivateFrameworks/OSAServicesClient.framework/Versions/A/OSAServicesClient
0x00007fff3dcd8000 	/System/Library/PrivateFrameworks/MallocStackLogging.framework/Versions/A/MallocStackLogging
0x00007fff2e15e000 	/System/Library/PrivateFrameworks/Sharing.framework/Versions/A/Sharing
0x00007fff32ace000 	/System/Library/PrivateFrameworks/Apple80211.framework/Versions/A/Apple80211
0x00007fff2a293000 	/System/Library/PrivateFrameworks/AuthKit.framework/Versions/A/AuthKit
0x00007fff29a0f000 	/System/Library/PrivateFrameworks/CoreUtils.framework/Versions/A/CoreUtils
0x00007fff2993c000 	/System/Library/Frameworks/CoreWLAN.framework/Versions/A/CoreWLAN
0x00007fff2e2a6000 	/System/Library/Frameworks/IOBluetooth.framework/Versions/A/IOBluetooth
0x00007fff32b32000 	/System/Library/PrivateFrameworks/CoreWiFi.framework/Versions/A/CoreWiFi
0x00007fff2d806000 	/System/Library/PrivateFrameworks/CorePhoneNumbers.framework/Versions/A/CorePhoneNumbers
0x00007fff30bc2000 	/System/Library/PrivateFrameworks/DiskManagement.framework/Versions/A/DiskManagement
0x00007fff30ad8000 	/System/Library/PrivateFrameworks/AppleIDAuthSupport.framework/Versions/A/AppleIDAuthSupport
0x00007fff2d7e3000 	/System/Library/PrivateFrameworks/KeychainCircle.framework/Versions/A/KeychainCircle
0x00007fff30b8e000 	/System/Library/PrivateFrameworks/MediaKit.framework/Versions/A/MediaKit
0x00007fff30ae5000 	/System/Library/Frameworks/DiscRecording.framework/Versions/A/DiscRecording
0x00007fff2af91000 	/usr/lib/libCoreStorage.dylib
0x00007fff32f6c000 	/usr/lib/libcsfde.dylib
0x00007fff2e3e0000 	/System/Library/PrivateFrameworks/ProtectedCloudStorage.framework/Versions/A/ProtectedCloudStorage
0x00007fff32f64000 	/System/Library/PrivateFrameworks/EFILogin.framework/Versions/A/EFILogin
0x00007fff33558000 	/System/Library/Frameworks/AudioUnit.framework/Versions/A/AudioUnit
0x00007fff30a57000 	/System/Library/Frameworks/CoreBluetooth.framework/Versions/A/CoreBluetooth
0x00007fff2af89000 	/usr/lib/libMatch.1.dylib
0x000000010e574000 	/usr/lib/libobjc-trampolines.dylib
0x00007fff418ff000 	/System/Library/Frameworks/Accelerate.framework/Versions/A/Frameworks/vImage.framework/Versions/A/Libraries/libCGInterfaces.dylib
0x00007fff27013000 	/System/Library/PrivateFrameworks/ViewBridge.framework/Versions/A/ViewBridge
0x000000012e7a8000 	/Users/schuylerng/GitHub/cmpiler-parser/lib/mac-javafx-sdk-11.0.2/lib/libjavafx_font.dylib
0x00007fff2b733000 	/System/Library/PrivateFrameworks/login.framework/Versions/A/login
0x00007fff700d2000 	/System/Library/PrivateFrameworks/AccessibilityBundles.framework/Versions/A/AccessibilityBundles
0x00007fff3025e000 	/System/Library/PrivateFrameworks/SystemAdministration.framework/Versions/A/SystemAdministration
0x00007fff2bf32000 	/System/Library/Frameworks/MediaToolbox.framework/Versions/A/MediaToolbox
0x00007fff2fb7d000 	/System/Library/Frameworks/DirectoryService.framework/Versions/A/DirectoryService
0x00007fff32e0a000 	/System/Library/PrivateFrameworks/DiskImages.framework/Versions/A/DiskImages
0x00007fff32fde000 	/System/Library/PrivateFrameworks/LoginUIKit.framework/Versions/A/Frameworks/LoginUICore.framework/Versions/A/LoginUICore
0x00007fff2b8cd000 	/usr/lib/libodfde.dylib
0x00007fff3106d000 	/System/Library/PrivateFrameworks/CoreAVCHD.framework/Versions/A/CoreAVCHD
0x00007fff30221000 	/System/Library/Frameworks/MediaAccessibility.framework/Versions/A/MediaAccessibility
0x00007fff31069000 	/System/Library/PrivateFrameworks/Mangrove.framework/Versions/A/Mangrove
0x00007fff3022d000 	/System/Library/PrivateFrameworks/AlgosScoreFramework.framework/Versions/A/AlgosScoreFramework
0x00007fff31a2e000 	/System/Library/PrivateFrameworks/AppleVPA.framework/Versions/A/AppleVPA
0x00007fff30cae000 	/System/Library/PrivateFrameworks/CoreAUC.framework/Versions/A/CoreAUC
0x00007fff32f78000 	/usr/lib/libcurl.4.dylib
0x00007fff32cd8000 	/usr/lib/libcrypto.44.dylib
0x00007fff32ddc000 	/usr/lib/libssl.46.dylib
0x00007fff32c9e000 	/System/Library/Frameworks/LDAP.framework/Versions/A/LDAP
0x00007fff32cd6000 	/System/Library/PrivateFrameworks/TrustEvaluationAgent.framework/Versions/A/TrustEvaluationAgent
0x00007fff2cdf2000 	/usr/lib/libsasl2.2.dylib
0x00007fff30252000 	/System/Library/PrivateFrameworks/CoreDaemon.framework/Versions/B/CoreDaemon
0x00007fff3024d000 	/System/Library/PrivateFrameworks/AppleSRP.framework/Versions/A/AppleSRP
0x00007fff43f0d000 	/System/Library/CoreServices/RawCamera.bundle/Contents/MacOS/RawCamera
0x00007fff2d78f000 	/System/Library/PrivateFrameworks/MobileAsset.framework/Versions/A/MobileAsset
0x00007fff3357d000 	/System/Library/PrivateFrameworks/StreamingZip.framework/Versions/A/StreamingZip
0x0000000132710000 	/Library/Java/JavaVirtualMachines/jdk-15.0.1.jdk/Contents/Home/lib/libawt.dylib
0x00000001327c7000 	/Library/Java/JavaVirtualMachines/jdk-15.0.1.jdk/Contents/Home/lib/libmlib_image.dylib
0x00007fff6f697000 	/System/Library/Frameworks/JavaNativeFoundation.framework/Versions/A/JavaNativeFoundation
0x00007fff6f6a3000 	/System/Library/Frameworks/JavaRuntimeSupport.framework/Versions/A/JavaRuntimeSupport
0x00007fff3d107000 	/System/Library/Frameworks/Carbon.framework/Versions/A/Carbon
0x00007fff3640d000 	/System/Library/Frameworks/Carbon.framework/Versions/A/Frameworks/CommonPanels.framework/Versions/A/CommonPanels
0x00007fff32f60000 	/System/Library/Frameworks/Carbon.framework/Versions/A/Frameworks/Help.framework/Versions/A/Help
0x00007fff36411000 	/System/Library/Frameworks/Carbon.framework/Versions/A/Frameworks/ImageCapture.framework/Versions/A/ImageCapture
0x00007fff363e9000 	/System/Library/Frameworks/Carbon.framework/Versions/A/Frameworks/OpenScripting.framework/Versions/A/OpenScripting
0x00007fff36409000 	/System/Library/Frameworks/Carbon.framework/Versions/A/Frameworks/Ink.framework/Versions/A/Ink
0x00007fff3d103000 	/System/Library/Frameworks/Carbon.framework/Versions/A/Frameworks/Print.framework/Versions/A/Print
0x00007fff36405000 	/System/Library/Frameworks/Carbon.framework/Versions/A/Frameworks/SecurityHI.framework/Versions/A/SecurityHI
0x000000013298a000 	/Library/Java/JavaVirtualMachines/jdk-15.0.1.jdk/Contents/Home/lib/libawt_lwawt.dylib
0x0000000132863000 	/Library/Java/JavaVirtualMachines/jdk-15.0.1.jdk/Contents/Home/lib/libosxapp.dylib
0x00007fff3c4c7000 	/System/Library/Frameworks/ExceptionHandling.framework/Versions/A/ExceptionHandling
0x0000000132a44000 	/Library/Java/JavaVirtualMachines/jdk-15.0.1.jdk/Contents/Home/lib/libverify.dylib
0x0000000132a55000 	/Library/Java/JavaVirtualMachines/jdk-15.0.1.jdk/Contents/Home/lib/libfontmanager.dylib
0x0000000132b81000 	/Library/Java/JavaVirtualMachines/jdk-15.0.1.jdk/Contents/Home/lib/libfreetype.dylib
0x00000001a371b000 	/Library/Java/JavaVirtualMachines/jdk-15.0.1.jdk/Contents/Home/lib/libosxui.dylib
0x00000001a392c000 	/Library/Java/JavaVirtualMachines/jdk-15.0.1.jdk/Contents/Home/lib/libprefs.dylib


VM Arguments:
jvm_args: --module-path=lib/mac-javafx-sdk-11.0.2/lib --add-modules=javafx.controls 
java_command: app
java_class_path (initial): .:lib/richtextfx-fat-0.10.5.jar:lib/antlr-4.9-complete.jar
Launcher Type: SUN_STANDARD

[Global flags]
     intx CICompilerCount                          = 4                                         {product} {ergonomic}
     uint ConcGCThreads                            = 2                                         {product} {ergonomic}
     uint G1ConcRefinementThreads                  = 8                                         {product} {ergonomic}
   size_t G1HeapRegionSize                         = 1048576                                   {product} {ergonomic}
    uintx GCDrainStackTargetSize                   = 64                                        {product} {ergonomic}
   size_t InitialHeapSize                          = 134217728                                 {product} {ergonomic}
   size_t MarkStackSize                            = 4194304                                   {product} {ergonomic}
   size_t MaxHeapSize                              = 2147483648                                {product} {ergonomic}
   size_t MaxNewSize                               = 1287651328                                {product} {ergonomic}
   size_t MinHeapDeltaBytes                        = 1048576                                   {product} {ergonomic}
   size_t MinHeapSize                              = 8388608                                   {product} {ergonomic}
    uintx NonNMethodCodeHeapSize                   = 5839372                                {pd product} {ergonomic}
    uintx NonProfiledCodeHeapSize                  = 122909434                              {pd product} {ergonomic}
    uintx ProfiledCodeHeapSize                     = 122909434                              {pd product} {ergonomic}
    uintx ReservedCodeCacheSize                    = 251658240                              {pd product} {ergonomic}
     bool SegmentedCodeCache                       = true                                      {product} {ergonomic}
   size_t SoftMaxHeapSize                          = 2147483648                             {manageable} {ergonomic}
     bool UseCompressedClassPointers               = true                                 {lp64_product} {ergonomic}
     bool UseCompressedOops                        = true                                 {lp64_product} {ergonomic}
     bool UseG1GC                                  = true                                      {product} {ergonomic}
     bool UseNUMA                                  = false                                     {product} {ergonomic}
     bool UseNUMAInterleaving                      = false                                     {product} {ergonomic}

Logging:
Log output configuration:
 #0: stdout all=warning uptime,level,tags
 #1: stderr all=off uptime,level,tags

Environment Variables:
CLASSPATH=.:/usr/local/lib/antlr-4.9-complete.jar:.:/usr/local/lib/antlr-4.9-complete.jar:
PATH=/Library/Frameworks/Python.framework/Versions/3.8/bin:/Library/Frameworks/Python.framework/Versions/3.9/bin:/usr/local/bin:/usr/bin:/bin:/usr/sbin:/sbin:/Applications/VMware Fusion.app/Contents/Public:/Applications/Wireshark.app/Contents/MacOS:/Library/Frameworks/Python.framework/Versions/3.8/bin
SHELL=/bin/bash
LANG=en_US.UTF-8

Signal Handlers:
SIGSEGV: [libjvm.dylib+0x9fe2e0], sa_mask[0]=11111111011111110111111111111111, sa_flags=SA_ONSTACK|SA_RESTART|SA_SIGINFO
SIGBUS: [libjvm.dylib+0x9fe2e0], sa_mask[0]=11111111011111110111111111111111, sa_flags=SA_RESTART|SA_SIGINFO
SIGFPE: [libjvm.dylib+0x9fe2e0], sa_mask[0]=11111111011111110111111111111111, sa_flags=SA_RESTART|SA_SIGINFO
SIGPIPE: [libjvm.dylib+0x82a110], sa_mask[0]=11111111011111110111111111111111, sa_flags=SA_RESTART|SA_SIGINFO
SIGXFSZ: [libjvm.dylib+0x82a110], sa_mask[0]=11111111011111110111111111111111, sa_flags=SA_RESTART|SA_SIGINFO
SIGILL: [libjvm.dylib+0x9fe2e0], sa_mask[0]=11111111011111110111111111111111, sa_flags=SA_RESTART|SA_SIGINFO
SIGUSR2: [libjvm.dylib+0x82ac20], sa_mask[0]=00000000000000000000000000000000, sa_flags=SA_RESTART|SA_SIGINFO
SIGHUP: [libjvm.dylib+0x829320], sa_mask[0]=11111111011111110111111111111111, sa_flags=SA_RESTART|SA_SIGINFO
SIGINT: [libjvm.dylib+0x829320], sa_mask[0]=11111111011111110111111111111111, sa_flags=SA_RESTART|SA_SIGINFO
SIGTERM: [libjvm.dylib+0x829320], sa_mask[0]=11111111011111110111111111111111, sa_flags=SA_RESTART|SA_SIGINFO
SIGQUIT: [libjvm.dylib+0x829320], sa_mask[0]=11111111011111110111111111111111, sa_flags=SA_RESTART|SA_SIGINFO


---------------  S Y S T E M  ---------------

OS:uname: Darwin 20.2.0 Darwin Kernel Version 20.2.0: Wed Dec  2 20:39:59 PST 2020; root:xnu-7195.60.75~1/RELEASE_X86_64 x86_64
OS uptime: 1 days 20:49 hours
rlimit (soft/hard): STACK 8192k/65532k , CORE 0k/infinity , NPROC 1392/2088 , NOFILE 10240/infinity , AS infinity/infinity , CPU infinity/infinity , DATA infinity/infinity , FSIZE infinity/infinity , MEMLOCK infinity/infinity , RSS infinity/infinity
load average: 2.41 2.08 2.10

CPU: total 8 (initial active 8) (4 cores per cpu, 2 threads per core) family 6 model 142 stepping 10 microcode 0xe0, cmov, cx8, fxsr, mmx, sse, sse2, sse3, ssse3, sse4.1, sse4.2, popcnt, vzeroupper, avx, avx2, aes, clmul, erms, 3dnowpref, lzcnt, ht, tsc, tscinvbit, bmi1, bmi2, adx, fma, clflush, clflushopt

Memory: 4k page, physical 8388608k(88460k free), swap 1048576k(874240k free)

vm_info: Java HotSpot(TM) 64-Bit Server VM (15.0.1+9-18) for bsd-amd64 JRE (15.0.1+9-18), built on Sep 15 2020 13:50:45 by "mach5one" with clang 4.2.1 Compatible Apple LLVM 10.0.0 (clang-1000.11.45.5)

END.
